mars 25, 2024 12:34:52 PM project.GameWindow drawCard
INFO: Joueur: u a pioché une carte.
mars 25, 2024 12:34:52 PM project.GameWindow drawCard
INFO: Mise à jour de la main du joueur.
mars 25, 2024 12:34:53 PM project.GameWindow updateHandAfterPlayingCard
INFO: Mise à jour de la main du joueur.
mars 25, 2024 12:34:53 PM project.GameWindow playCard
INFO: Le joueur a invoqué un monstre : Soigneur Bienveillant
mars 25, 2024 12:34:53 PM project.GameWindow chooseCardToPlay
INFO: Joueur choisi  Soigneur Bienveillant
mars 25, 2024 12:34:55 PM project.GameWindow playerEndTurn
INFO: Le joueur a fini de jouer son tour
mars 25, 2024 12:34:55 PM project.GameWindow drawEnemyCard
INFO: L'ennemi a piocé une carte : Chaton Mignon
mars 25, 2024 12:34:55 PM project.GameWindow updateEnemyHand
INFO: Mise à jour de la main de l'ennemi.
mars 25, 2024 12:34:55 PM project.GameWindow drawEnemyCard
INFO: Mise à jour de la main de l'ennemi
mars 25, 2024 12:34:55 PM project.GameWindow updateEnemyHandAfterPlayingCard
INFO: Mise à jour de la main de l'ennemi.
mars 25, 2024 12:34:55 PM project.GameWindow playCard
INFO: L'ennemi a invoqué un monstre : Chaton Mignon
mars 25, 2024 12:34:55 PM project.GameWindow playRandomCardFromHand
INFO: L'ennemi a joué une carte : Chaton Mignon
mars 25, 2024 12:34:56 PM project.GameWindow resetInfo
INFO: Mise à jour de l'interface
mars 25, 2024 12:34:57 PM project.GameWindow drawCard
INFO: Joueur: u a pioché une carte.
mars 25, 2024 12:34:57 PM project.GameWindow drawCard
INFO: Mise à jour de la main du joueur.
mars 25, 2024 12:34:58 PM project.GameWindow updateHandAfterPlayingCard
INFO: Mise à jour de la main du joueur.
mars 25, 2024 12:34:58 PM project.GameWindow playCard
INFO: Le joueur a invoqué un monstre : Prêtre Guérisseur
mars 25, 2024 12:34:58 PM project.GameWindow chooseCardToPlay
INFO: Joueur choisi  Prêtre Guérisseur
mars 25, 2024 12:34:59 PM project.GameWindow playerEndTurn
INFO: Le joueur a fini de jouer son tour
mars 25, 2024 12:34:59 PM project.GameWindow drawEnemyCard
INFO: L'ennemi a piocé une carte : Sentinelle Intrépide
mars 25, 2024 12:34:59 PM project.GameWindow updateEnemyHand
INFO: Mise à jour de la main de l'ennemi.
mars 25, 2024 12:34:59 PM project.GameWindow drawEnemyCard
INFO: Mise à jour de la main de l'ennemi
mars 25, 2024 12:34:59 PM project.GameWindow resetInfo
INFO: Mise à jour de l'interface
mars 25, 2024 12:35:00 PM project.GameWindow useEnemySpecialAbility
INFO: Joueur: Enemi utilise sa capacité spéciale sur u
mars 25, 2024 12:35:01 PM project.GameWindow resetInfo
INFO: Mise à jour de l'interface
mars 25, 2024 12:35:02 PM project.GameWindow drawCard
INFO: Joueur: u a pioché une carte.
mars 25, 2024 12:35:02 PM project.GameWindow drawCard
INFO: Mise à jour de la main du joueur.
mars 25, 2024 12:35:03 PM project.GameWindow playCard
INFO: u a joué un Protector, La protection a été invoquée avec succès!
mars 25, 2024 12:35:03 PM project.GameWindow playCard
INFO: Le Protector est de type : CHAMPION
mars 25, 2024 12:35:04 PM project.GameWindow updateHandAfterPlayingCard
INFO: Mise à jour de la main du joueur.
mars 25, 2024 12:35:04 PM project.GameWindow playCard
INFO: Le joueur a invoqué un monstre : Phoenix Majestueux
mars 25, 2024 12:35:04 PM project.GameWindow chooseCardToPlay
INFO: Joueur choisi  Phoenix Majestueux
mars 25, 2024 12:35:05 PM project.GameWindow playerEndTurn
INFO: Le joueur a fini de jouer son tour
mars 25, 2024 12:35:05 PM project.GameWindow drawEnemyCard
INFO: L'ennemi a piocé une carte : Esprit de Glace
mars 25, 2024 12:35:05 PM project.GameWindow updateEnemyHand
INFO: Mise à jour de la main de l'ennemi.
mars 25, 2024 12:35:05 PM project.GameWindow drawEnemyCard
INFO: Mise à jour de la main de l'ennemi
mars 25, 2024 12:35:05 PM project.GameWindow updateEnemyHandAfterPlayingCard
INFO: Mise à jour de la main de l'ennemi.
mars 25, 2024 12:35:05 PM project.GameWindow playCard
INFO: L'ennemi a invoqué un monstre : Esprit de Glace
mars 25, 2024 12:35:05 PM project.GameWindow playRandomCardFromHand
INFO: L'ennemi a joué une carte : Esprit de Glace
mars 25, 2024 12:35:05 PM project.GameWindow reduceProtectionTurns
INFO: Le protector champion  Phoenix Majestueux a perdu un tour de protection.
mars 25, 2024 12:35:06 PM project.GameWindow resetInfo
INFO: Mise à jour de l'interface
mars 25, 2024 12:35:06 PM project.GameWindow resetInfo
INFO: Mise à jour de l'interface
mars 25, 2024 12:35:06 PM project.GameWindow resetInfo
INFO: Mise à jour de l'interface
mars 25, 2024 12:35:07 PM project.GameWindow drawCard
INFO: Joueur: u a pioché une carte.
mars 25, 2024 12:35:07 PM project.GameWindow drawCard
INFO: Mise à jour de la main du joueur.
mars 25, 2024 12:35:09 PM project.GameWindow updateHandAfterPlayingCard
INFO: Mise à jour de la main du joueur.
mars 25, 2024 12:35:09 PM project.GameWindow playCard
INFO: Le joueur a invoqué un monstre : Guerrier Impitoyable
mars 25, 2024 12:35:09 PM project.GameWindow chooseCardToPlay
INFO: Joueur choisi  Guerrier Impitoyable
mars 25, 2024 12:35:10 PM project.GameWindow resetInfo
INFO: Mise à jour de l'interface
mars 25, 2024 12:35:11 PM project.GameWindow playerEndTurn
INFO: Le joueur a fini de jouer son tour
mars 25, 2024 12:35:11 PM project.GameWindow drawEnemyCard
INFO: L'ennemi a piocé une carte : Mascotte Enthousiaste
mars 25, 2024 12:35:11 PM project.GameWindow updateEnemyHand
INFO: Mise à jour de la main de l'ennemi.
mars 25, 2024 12:35:11 PM project.GameWindow drawEnemyCard
INFO: Mise à jour de la main de l'ennemi
mars 25, 2024 12:35:11 PM project.GameWindow playCard
INFO: Enemi a joué un Protector, La protection a été invoquée avec succès!
mars 25, 2024 12:35:11 PM project.GameWindow playCard
INFO: Le Protector est de type : NON_CHAMPION
mars 25, 2024 12:35:12 PM project.GameWindow updateEnemyHandAfterPlayingCard
INFO: Mise à jour de la main de l'ennemi.
mars 25, 2024 12:35:12 PM project.GameWindow playCard
INFO: L'ennemi a invoqué un monstre : Sentinelle Intrépide
mars 25, 2024 12:35:12 PM project.GameWindow playRandomCardFromHand
INFO: L'ennemi a joué une carte : Sentinelle Intrépide
mars 25, 2024 12:35:13 PM project.GameWindow boostWithRandomMascot
INFO: Joueur: Enemi booste Guerrier Impitoyable
mars 25, 2024 12:35:13 PM project.GameWindow removeMonsterFromPanel
INFO: Monstre supprimé du plateau : Chaton Mignon
mars 25, 2024 12:35:14 PM project.GameWindow reduceProtectionTurns
INFO: Le protector champion  Phoenix Majestueux a perdu un tour de protection.
mars 25, 2024 12:35:25 PM project.GameWindow resetInfo
INFO: Mise à jour de l'interface
mars 25, 2024 12:35:27 PM project.GameWindow resetInfo
INFO: Mise à jour de l'interface
mars 25, 2024 12:35:27 PM project.GameWindow setSelectedMonster
INFO: Monstre sélectionné
mars 25, 2024 12:35:28 PM project.GameWindow resetInfo
INFO: Mise à jour de l'interface
mars 25, 2024 12:35:28 PM project.GameWindow resetInfo
INFO: Mise à jour de l'interface
mars 25, 2024 12:35:29 PM project.GameWindow setSelectedMonster
INFO: Monstre sélectionné
mars 25, 2024 12:35:30 PM project.GameWindow resetInfo
INFO: Mise à jour de l'interface
mars 25, 2024 12:35:30 PM project.GameWindow resetInfo
INFO: Mise à jour de l'interface
mars 25, 2024 12:35:30 PM project.GameWindow isProtectionActive
INFO: Protection active
mars 25, 2024 12:35:32 PM project.GameWindow resetInfo
INFO: Mise à jour de l'interface
mars 25, 2024 12:35:33 PM project.GameWindow setSelectedMonster
INFO: Monstre sélectionné
mars 25, 2024 12:35:33 PM project.GameWindow resetInfo
INFO: Mise à jour de l'interface
mars 25, 2024 12:35:33 PM project.GameWindow resetInfo
INFO: Mise à jour de l'interface
mars 25, 2024 12:35:34 PM project.GameWindow isProtectionActive
INFO: Protection active
mars 25, 2024 12:35:34 PM project.GameWindow updateUIAfterAttack
INFO: Mise à jour de l'interface
mars 25, 2024 12:35:34 PM project.GameWindow playerAttack
INFO: Guerrier Impitoyable attaqueSentinelle Intrépide
mars 25, 2024 12:35:34 PM project.GameWindow resetInfo
INFO: Mise à jour de l'interface
mars 25, 2024 12:35:36 PM project.GameWindow resetInfo
INFO: Mise à jour de l'interface
mars 25, 2024 12:35:48 PM project.GameWindow resetInfo
INFO: Mise à jour de l'interface
mars 25, 2024 12:35:49 PM project.GameWindow resetInfo
INFO: Mise à jour de l'interface
mars 25, 2024 12:35:50 PM project.GameWindow resetInfo
INFO: Mise à jour de l'interface
mars 25, 2024 12:35:51 PM project.GameWindow resetInfo
INFO: Mise à jour de l'interface
mars 25, 2024 12:35:51 PM project.GameWindow setSelectedMonster
INFO: Monstre sélectionné
mars 25, 2024 12:35:52 PM project.GameWindow resetInfo
INFO: Mise à jour de l'interface
mars 25, 2024 12:35:52 PM project.GameWindow resetInfo
INFO: Mise à jour de l'interface
mars 25, 2024 12:35:53 PM project.GameWindow resetInfo
INFO: Mise à jour de l'interface
mars 25, 2024 12:35:53 PM project.GameWindow resetInfo
INFO: Mise à jour de l'interface
mars 25, 2024 12:35:54 PM project.GameWindow playerEndTurn
INFO: Le joueur a fini de jouer son tour
mars 25, 2024 12:35:54 PM project.GameWindow reduceProtectionTurns
INFO: Le protector non champion  Sentinelle Intrépide a perdu un tour de protection.
mars 25, 2024 12:35:54 PM project.GameWindow drawEnemyCard
INFO: L'ennemi a piocé une carte : Garde Vaillant
mars 25, 2024 12:35:54 PM project.GameWindow updateEnemyHand
INFO: Mise à jour de la main de l'ennemi.
mars 25, 2024 12:35:54 PM project.GameWindow drawEnemyCard
INFO: Mise à jour de la main de l'ennemi
mars 25, 2024 12:35:54 PM project.GameWindow updateEnemyHandAfterPlayingCard
INFO: Mise à jour de la main de l'ennemi.
mars 25, 2024 12:35:54 PM project.GameWindow playCard
INFO: L'ennemi a invoqué un monstre : Mascotte Enthousiaste
mars 25, 2024 12:35:54 PM project.GameWindow playRandomCardFromHand
INFO: L'ennemi a joué une carte : Mascotte Enthousiaste
mars 25, 2024 12:35:55 PM project.GameWindow isProtectionActive
INFO: Protection inactive
mars 25, 2024 12:35:55 PM project.GameWindow attackMonster
INFO: Ennemi: Esprit de Glace attaque Guerrier Impitoyable
mars 25, 2024 12:35:55 PM project.GameWindow boostWithRandomMascot
INFO: Joueur: Enemi booste Chaton Mignon
mars 25, 2024 12:35:55 PM project.GameWindow reduceProtectionTurns
INFO: Le protector champion  Phoenix Majestueux a perdu un tour de protection.
mars 25, 2024 12:35:57 PM project.GameWindow resetInfo
INFO: Mise à jour de l'interface
mars 25, 2024 12:35:57 PM project.GameWindow resetInfo
INFO: Mise à jour de l'interface
mars 25, 2024 12:35:59 PM project.GameWindow setSelectedMonster
INFO: Monstre sélectionné
mars 25, 2024 12:36:00 PM project.GameWindow resetInfo
INFO: Mise à jour de l'interface
mars 25, 2024 12:36:00 PM project.GameWindow resetInfo
INFO: Mise à jour de l'interface
mars 25, 2024 12:36:00 PM project.GameWindow resetInfo
INFO: Mise à jour de l'interface
mars 25, 2024 12:36:01 PM project.GameWindow resetInfo
INFO: Mise à jour de l'interface
mars 25, 2024 12:36:01 PM project.GameWindow isProtectionActive
INFO: Protection active
mars 25, 2024 12:36:01 PM project.GameWindow updateAfterAttack
INFO: Mise à jour de l'interface
mars 25, 2024 12:36:01 PM project.GameWindow playerAttack
INFO: Guerrier Impitoyable attaqueEnemi
mars 25, 2024 12:36:01 PM project.GameWindow resetInfo
INFO: Mise à jour de l'interface
mars 25, 2024 12:36:01 PM project.GameWindow resetInfo
INFO: Mise à jour de l'interface
mars 25, 2024 12:36:03 PM project.GameWindow useHeal
INFO: Sélectionné le monstre soigneur Soigneur Bienveillant
mars 25, 2024 12:36:05 PM project.GameWindow useHeal
INFO: Joueur soigne le joueur
mars 25, 2024 12:36:09 PM project.GameWindow resetInfo
INFO: Mise à jour de l'interface
mars 25, 2024 12:36:10 PM project.GameWindow playerEndTurn
INFO: Le joueur a fini de jouer son tour
mars 25, 2024 12:36:10 PM project.GameWindow reduceProtectionTurns
INFO: Le protector non champion  Sentinelle Intrépide a perdu un tour de protection.
mars 25, 2024 12:36:10 PM project.GameWindow drawEnemyCard
INFO: Le deck est vide ! Création d'un nouveau deck. L'ennemi perd 5 points de vie.
mars 25, 2024 12:36:10 PM project.GameWindow drawEnemyCard
INFO: L'ennemi a piocé une carte : Dragon de Feu
mars 25, 2024 12:36:10 PM project.GameWindow updateEnemyHand
INFO: Mise à jour de la main de l'ennemi.
mars 25, 2024 12:36:10 PM project.GameWindow drawEnemyCard
INFO: Mise à jour de la main de l'ennemi
mars 25, 2024 12:36:10 PM project.GameWindow reduceProtectionTurns
INFO: Le protector champion  Phoenix Majestueux a perdu un tour de protection.
mars 25, 2024 12:36:13 PM project.GameWindow resetInfo
INFO: Mise à jour de l'interface
mars 25, 2024 12:36:14 PM project.GameWindow resetInfo
INFO: Mise à jour de l'interface
mars 25, 2024 12:36:14 PM project.GameWindow resetInfo
INFO: Mise à jour de l'interface
mars 25, 2024 12:36:14 PM project.GameWindow resetInfo
INFO: Mise à jour de l'interface
mars 25, 2024 12:36:14 PM project.GameWindow drawCard
INFO: Joueur: u a pioché une carte.
mars 25, 2024 12:36:14 PM project.GameWindow drawCard
INFO: Mise à jour de la main du joueur.
mars 25, 2024 12:36:15 PM project.GameWindow updateHandAfterPlayingCard
INFO: Mise à jour de la main du joueur.
mars 25, 2024 12:36:15 PM project.GameWindow playCard
INFO: Le joueur a invoqué un monstre : Chaton Mignon
mars 25, 2024 12:36:15 PM project.GameWindow chooseCardToPlay
INFO: Joueur choisi  Chaton Mignon
mars 25, 2024 12:36:16 PM project.GameWindow resetInfo
INFO: Mise à jour de l'interface
mars 25, 2024 12:36:16 PM project.GameWindow resetInfo
INFO: Mise à jour de l'interface
mars 25, 2024 12:36:16 PM project.GameWindow playerEndTurn
INFO: Le joueur a fini de jouer son tour
mars 25, 2024 12:36:17 PM project.GameWindow reduceProtectionTurns
INFO: Le protector non champion  Sentinelle Intrépide a perdu un tour de protection.
mars 25, 2024 12:36:17 PM project.GameWindow drawEnemyCard
INFO: L'ennemi a piocé une carte : Chimère Flamboyante
mars 25, 2024 12:36:18 PM project.GameWindow updateEnemyHand
INFO: Mise à jour de la main de l'ennemi.
mars 25, 2024 12:36:18 PM project.GameWindow drawEnemyCard
INFO: Mise à jour de la main de l'ennemi
mars 25, 2024 12:36:18 PM project.GameWindow playCard
INFO: Enemi a joué un Protector, La protection a été invoquée avec succès!
mars 25, 2024 12:36:18 PM project.GameWindow playCard
INFO: Le Protector est de type : CHAMPION
mars 25, 2024 12:36:18 PM project.GameWindow updateEnemyHandAfterPlayingCard
INFO: Mise à jour de la main de l'ennemi.
mars 25, 2024 12:36:19 PM project.GameWindow playCard
INFO: L'ennemi a invoqué un monstre : Garde Vaillant
mars 25, 2024 12:36:19 PM project.GameWindow playRandomCardFromHand
INFO: L'ennemi a joué une carte : Garde Vaillant
mars 25, 2024 12:36:19 PM project.GameWindow isProtectionActive
INFO: Protection inactive
mars 25, 2024 12:36:19 PM project.GameWindow attackMonster
INFO: Ennemi: Esprit de Glace attaque Chaton Mignon
mars 25, 2024 12:36:20 PM project.GameWindow resetInfo
INFO: Mise à jour de l'interface
mars 25, 2024 12:36:21 PM project.GameWindow useEnemySpecialAbility
INFO: Joueur: Enemi utilise sa capacité spéciale sur u
mars 25, 2024 12:36:21 PM project.GameWindow endGame
INFO: Joueur: u a perdu.
mars 25, 2024 12:36:22 PM project.GameWindow endGame
INFO: Partie terminée.
mars 25, 2024 12:36:22 PM project.GameWindow reduceProtectionTurns
INFO: Le protector champion  Phoenix Majestueux a perdu un tour de protection.
mars 25, 2024 12:36:23 PM project.GameWindow endGame
INFO: Joueur: u a perdu.
mars 25, 2024 12:36:25 PM project.GameWindow endGame
INFO: Partie terminée.
